<?xml version="1.0" encoding="UTF-8"?>
<testsuite xmlns:xsi="http://www.w3.org/2001/XMLSchema-instance" xsi:noNamespaceSchemaLocation="https://maven.apache.org/surefire/maven-surefire-plugin/xsd/surefire-test-report-3.0.xsd" version="3.0" name="tfm.AppTest" time="0.048" tests="1" errors="0" skipped="0" failures="0">
  <properties>
    <property name="java.specification.version" value="17"/>
    <property name="sun.jnu.encoding" value="UTF-8"/>
    <property name="java.class.path" value="/home/daniel/Documentos/tfm-vrp/target/test-classes:/home/daniel/Documentos/tfm-vrp/target/classes:/home/daniel/.m2/repository/org/junit/jupiter/junit-jupiter-api/5.6.0/junit-jupiter-api-5.6.0.jar:/home/daniel/.m2/repository/org/apiguardian/apiguardian-api/1.1.0/apiguardian-api-1.1.0.jar:/home/daniel/.m2/repository/org/opentest4j/opentest4j/1.2.0/opentest4j-1.2.0.jar:/home/daniel/.m2/repository/org/junit/platform/junit-platform-commons/1.6.0/junit-platform-commons-1.6.0.jar:/home/daniel/.m2/repository/org/junit/jupiter/junit-jupiter-engine/5.6.0/junit-jupiter-engine-5.6.0.jar:/home/daniel/.m2/repository/org/junit/platform/junit-platform-engine/1.6.0/junit-platform-engine-1.6.0.jar:/home/daniel/.m2/repository/org/uma/jmetal/jmetal-core/5.11/jmetal-core-5.11.jar:/home/daniel/.m2/repository/org/apache/maven/reporting/maven-reporting-api/3.0/maven-reporting-api-3.0.jar:/home/daniel/.m2/repository/org/apache/maven/doxia/doxia-sink-api/1.0/doxia-sink-api-1.0.jar:/home/daniel/.m2/repository/org/apache/commons/commons-lang3/3.9/commons-lang3-3.9.jar:/home/daniel/.m2/repository/org/apache/commons/commons-collections4/4.4/commons-collections4-4.4.jar:/home/daniel/.m2/repository/org/apache/commons/commons-math3/3.6.1/commons-math3-3.6.1.jar:/home/daniel/.m2/repository/commons-io/commons-io/2.7/commons-io-2.7.jar:/home/daniel/.m2/repository/org/hamcrest/hamcrest/2.2/hamcrest-2.2.jar:/home/daniel/.m2/repository/org/knowm/xchart/xchart/3.2.2/xchart-3.2.2.jar:/home/daniel/.m2/repository/de/erichseifert/vectorgraphics2d/VectorGraphics2D/0.11/VectorGraphics2D-0.11.jar:/home/daniel/.m2/repository/nz/ac/waikato/cms/weka/weka-stable/3.8.5/weka-stable-3.8.5.jar:/home/daniel/.m2/repository/com/github/vbmacher/java-cup/11b-20160615/java-cup-11b-20160615.jar:/home/daniel/.m2/repository/com/github/vbmacher/java-cup-runtime/11b-20160615/java-cup-runtime-11b-20160615.jar:/home/daniel/.m2/repository/nz/ac/waikato/cms/weka/thirdparty/bounce/0.18/bounce-0.18.jar:/home/daniel/.m2/repository/com/googlecode/matrix-toolkits-java/mtj/1.0.4/mtj-1.0.4.jar:/home/daniel/.m2/repository/com/github/fommil/netlib/netlib-native_ref-osx-x86_64/1.1/netlib-native_ref-osx-x86_64-1.1-natives.jar:/home/daniel/.m2/repository/com/github/fommil/netlib/native_ref-java/1.1/native_ref-java-1.1.jar:/home/daniel/.m2/repository/com/github/fommil/jniloader/1.1/jniloader-1.1.jar:/home/daniel/.m2/repository/com/github/fommil/netlib/netlib-native_ref-linux-x86_64/1.1/netlib-native_ref-linux-x86_64-1.1-natives.jar:/home/daniel/.m2/repository/com/github/fommil/netlib/netlib-native_ref-linux-i686/1.1/netlib-native_ref-linux-i686-1.1-natives.jar:/home/daniel/.m2/repository/com/github/fommil/netlib/netlib-native_ref-win-x86_64/1.1/netlib-native_ref-win-x86_64-1.1-natives.jar:/home/daniel/.m2/repository/com/github/fommil/netlib/netlib-native_ref-win-i686/1.1/netlib-native_ref-win-i686-1.1-natives.jar:/home/daniel/.m2/repository/com/github/fommil/netlib/netlib-native_ref-linux-armhf/1.1/netlib-native_ref-linux-armhf-1.1-natives.jar:/home/daniel/.m2/repository/com/github/fommil/netlib/netlib-native_system-osx-x86_64/1.1/netlib-native_system-osx-x86_64-1.1-natives.jar:/home/daniel/.m2/repository/com/github/fommil/netlib/native_system-java/1.1/native_system-java-1.1.jar:/home/daniel/.m2/repository/com/github/fommil/netlib/netlib-native_system-linux-x86_64/1.1/netlib-native_system-linux-x86_64-1.1-natives.jar:/home/daniel/.m2/repository/com/github/fommil/netlib/netlib-native_system-linux-i686/1.1/netlib-native_system-linux-i686-1.1-natives.jar:/home/daniel/.m2/repository/com/github/fommil/netlib/netlib-native_system-linux-armhf/1.1/netlib-native_system-linux-armhf-1.1-natives.jar:/home/daniel/.m2/repository/com/github/fommil/netlib/netlib-native_system-win-x86_64/1.1/netlib-native_system-win-x86_64-1.1-natives.jar:/home/daniel/.m2/repository/com/github/fommil/netlib/netlib-native_system-win-i686/1.1/netlib-native_system-win-i686-1.1-natives.jar:/home/daniel/.m2/repository/net/sourceforge/f2j/arpack_combined_all/0.1/arpack_combined_all-0.1.jar:/home/daniel/.m2/repository/com/googlecode/netlib-java/netlib-java/1.1/netlib-java-1.1.jar:/home/daniel/.m2/repository/com/github/fommil/netlib/core/1.1/core-1.1.jar:/home/daniel/.m2/repository/com/github/fracpete/jfilechooser-bookmarks/0.1.6/jfilechooser-bookmarks-0.1.6.jar:/home/daniel/.m2/repository/com/github/fracpete/jclipboardhelper/0.1.0/jclipboardhelper-0.1.0.jar:/home/daniel/.m2/repository/com/sun/istack/istack-commons-runtime/3.0.11/istack-commons-runtime-3.0.11.jar:/home/daniel/.m2/repository/jakarta/activation/jakarta.activation-api/1.2.2/jakarta.activation-api-1.2.2.jar:/home/daniel/.m2/repository/jakarta/xml/bind/jakarta.xml.bind-api/2.3.3/jakarta.xml.bind-api-2.3.3.jar:/home/daniel/.m2/repository/org/glassfish/jaxb/jaxb-runtime/2.3.3/jaxb-runtime-2.3.3.jar:/home/daniel/.m2/repository/org/glassfish/jaxb/txw2/2.3.3/txw2-2.3.3.jar:/home/daniel/.m2/repository/com/sun/activation/jakarta.activation/1.2.2/jakarta.activation-1.2.2.jar:/home/daniel/.m2/repository/com/github/mbuzdalov/non-dominated-sorting-implementations/0.2.1/non-dominated-sorting-implementations-0.2.1.jar:/home/daniel/.m2/repository/org/uma/jmetal/jmetal-problem/5.11/jmetal-problem-5.11.jar:/home/daniel/.m2/repository/org/uma/jmetal/jmetal-algorithm/5.11/jmetal-algorithm-5.11.jar:/home/daniel/.m2/repository/com/fuzzylite/jfuzzylite/5.0/jfuzzylite-5.0.jar:/home/daniel/.m2/repository/com/github/chwagnlucid/Juzzy/2.0/Juzzy-2.0.jar:/home/daniel/.m2/repository/com/github/yannrichet/JMathPlot/1.0.1/JMathPlot-1.0.1.jar:/home/daniel/.m2/repository/com/github/yannrichet/JMathIO/1.0/JMathIO-1.0.jar:/home/daniel/.m2/repository/com/github/yannrichet/JMathArray/1.0/JMathArray-1.0.jar:/home/daniel/.m2/repository/gov/nist/math/jama/1.0.3/jama-1.0.3.jar:/home/daniel/.m2/repository/org/uma/jmetal/jmetal-exec/5.9/jmetal-exec-5.9.jar:/home/daniel/.m2/repository/org/uma/jmetal/jmetal-lab/5.11/jmetal-lab-5.11.jar:/home/daniel/.m2/repository/tech/tablesaw/tablesaw-core/0.38.1/tablesaw-core-0.38.1.jar:/home/daniel/.m2/repository/com/google/guava/guava/28.2-jre/guava-28.2-jre.jar:/home/daniel/.m2/repository/com/google/guava/failureaccess/1.0.1/failureaccess-1.0.1.jar:/home/daniel/.m2/repository/com/google/guava/listenablefuture/9999.0-empty-to-avoid-conflict-with-guava/listenablefuture-9999.0-empty-to-avoid-conflict-with-guava.jar:/home/daniel/.m2/repository/com/google/code/findbugs/jsr305/3.0.2/jsr305-3.0.2.jar:/home/daniel/.m2/repository/org/checkerframework/checker-qual/2.10.0/checker-qual-2.10.0.jar:/home/daniel/.m2/repository/com/google/errorprone/error_prone_annotations/2.3.4/error_prone_annotations-2.3.4.jar:/home/daniel/.m2/repository/com/google/j2objc/j2objc-annotations/1.3/j2objc-annotations-1.3.jar:/home/daniel/.m2/repository/it/unimi/dsi/fastutil/8.3.0/fastutil-8.3.0.jar:/home/daniel/.m2/repository/org/roaringbitmap/RoaringBitmap/0.8.12/RoaringBitmap-0.8.12.jar:/home/daniel/.m2/repository/org/roaringbitmap/shims/0.8.12/shims-0.8.12.jar:/home/daniel/.m2/repository/com/univocity/univocity-parsers/2.8.4/univocity-parsers-2.8.4.jar:/home/daniel/.m2/repository/com/ibm/icu/icu4j/65.1/icu4j-65.1.jar:/home/daniel/.m2/repository/io/github/classgraph/classgraph/4.8.60/classgraph-4.8.60.jar:/home/daniel/.m2/repository/org/slf4j/slf4j-api/1.7.30/slf4j-api-1.7.30.jar:/home/daniel/.m2/repository/tech/tablesaw/tablesaw-jsplot/0.38.1/tablesaw-jsplot-0.38.1.jar:/home/daniel/.m2/repository/com/fasterxml/jackson/core/jackson-databind/2.10.3/jackson-databind-2.10.3.jar:/home/daniel/.m2/repository/com/fasterxml/jackson/core/jackson-annotations/2.10.3/jackson-annotations-2.10.3.jar:/home/daniel/.m2/repository/com/fasterxml/jackson/core/jackson-core/2.10.3/jackson-core-2.10.3.jar:/home/daniel/.m2/repository/io/pebbletemplates/pebble/3.1.2/pebble-3.1.2.jar:/home/daniel/.m2/repository/org/unbescape/unbescape/1.1.6.RELEASE/unbescape-1.1.6.RELEASE.jar:/home/daniel/.m2/repository/com/github/haifengl/smile-core/2.6.0/smile-core-2.6.0.jar:/home/daniel/.m2/repository/com/github/haifengl/smile-data/2.6.0/smile-data-2.6.0.jar:/home/daniel/.m2/repository/com/github/haifengl/smile-math/2.6.0/smile-math-2.6.0.jar:/home/daniel/.m2/repository/com/github/haifengl/smile-graph/2.6.0/smile-graph-2.6.0.jar:/home/daniel/.m2/repository/com/github/haifengl/smile-plot/2.6.0/smile-plot-2.6.0.jar:/home/daniel/.m2/repository/org/swinglabs/swingx/1.6.1/swingx-1.6.1.jar:/home/daniel/.m2/repository/com/jhlabs/filters/2.0.235/filters-2.0.235.jar:/home/daniel/.m2/repository/org/swinglabs/swing-worker/1.1/swing-worker-1.1.jar:/home/daniel/.m2/repository/org/projectlombok/lombok/1.18.22/lombok-1.18.22.jar:/home/daniel/.m2/repository/commons-cli/commons-cli/1.5.0/commons-cli-1.5.0.jar:"/>
    <property name="java.vm.vendor" value="Red Hat, Inc."/>
    <property name="sun.arch.data.model" value="64"/>
    <property name="java.vendor.url" value="https://www.redhat.com/"/>
    <property name="os.name" value="Linux"/>
    <property name="java.vm.specification.version" value="17"/>
    <property name="sun.java.launcher" value="SUN_STANDARD"/>
    <property name="user.country" value="ES"/>
    <property name="sun.boot.library.path" value="/usr/lib/jvm/java-17-openjdk-17.0.3.0.7-1.fc36.x86_64/lib"/>
    <property name="sun.java.command" value="/home/daniel/Documentos/tfm-vrp/target/surefire/surefirebooter3632751194488241952.jar /home/daniel/Documentos/tfm-vrp/target/surefire 2022-06-19T14-07-18_266-jvmRun1 surefire9185946585443812606tmp surefire_0881453011938150376tmp"/>
    <property name="jdk.debug" value="release"/>
    <property name="surefire.test.class.path" value="/home/daniel/Documentos/tfm-vrp/target/test-classes:/home/daniel/Documentos/tfm-vrp/target/classes:/home/daniel/.m2/repository/org/junit/jupiter/junit-jupiter-api/5.6.0/junit-jupiter-api-5.6.0.jar:/home/daniel/.m2/repository/org/apiguardian/apiguardian-api/1.1.0/apiguardian-api-1.1.0.jar:/home/daniel/.m2/repository/org/opentest4j/opentest4j/1.2.0/opentest4j-1.2.0.jar:/home/daniel/.m2/repository/org/junit/platform/junit-platform-commons/1.6.0/junit-platform-commons-1.6.0.jar:/home/daniel/.m2/repository/org/junit/jupiter/junit-jupiter-engine/5.6.0/junit-jupiter-engine-5.6.0.jar:/home/daniel/.m2/repository/org/junit/platform/junit-platform-engine/1.6.0/junit-platform-engine-1.6.0.jar:/home/daniel/.m2/repository/org/uma/jmetal/jmetal-core/5.11/jmetal-core-5.11.jar:/home/daniel/.m2/repository/org/apache/maven/reporting/maven-reporting-api/3.0/maven-reporting-api-3.0.jar:/home/daniel/.m2/repository/org/apache/maven/doxia/doxia-sink-api/1.0/doxia-sink-api-1.0.jar:/home/daniel/.m2/repository/org/apache/commons/commons-lang3/3.9/commons-lang3-3.9.jar:/home/daniel/.m2/repository/org/apache/commons/commons-collections4/4.4/commons-collections4-4.4.jar:/home/daniel/.m2/repository/org/apache/commons/commons-math3/3.6.1/commons-math3-3.6.1.jar:/home/daniel/.m2/repository/commons-io/commons-io/2.7/commons-io-2.7.jar:/home/daniel/.m2/repository/org/hamcrest/hamcrest/2.2/hamcrest-2.2.jar:/home/daniel/.m2/repository/org/knowm/xchart/xchart/3.2.2/xchart-3.2.2.jar:/home/daniel/.m2/repository/de/erichseifert/vectorgraphics2d/VectorGraphics2D/0.11/VectorGraphics2D-0.11.jar:/home/daniel/.m2/repository/nz/ac/waikato/cms/weka/weka-stable/3.8.5/weka-stable-3.8.5.jar:/home/daniel/.m2/repository/com/github/vbmacher/java-cup/11b-20160615/java-cup-11b-20160615.jar:/home/daniel/.m2/repository/com/github/vbmacher/java-cup-runtime/11b-20160615/java-cup-runtime-11b-20160615.jar:/home/daniel/.m2/repository/nz/ac/waikato/cms/weka/thirdparty/bounce/0.18/bounce-0.18.jar:/home/daniel/.m2/repository/com/googlecode/matrix-toolkits-java/mtj/1.0.4/mtj-1.0.4.jar:/home/daniel/.m2/repository/com/github/fommil/netlib/netlib-native_ref-osx-x86_64/1.1/netlib-native_ref-osx-x86_64-1.1-natives.jar:/home/daniel/.m2/repository/com/github/fommil/netlib/native_ref-java/1.1/native_ref-java-1.1.jar:/home/daniel/.m2/repository/com/github/fommil/jniloader/1.1/jniloader-1.1.jar:/home/daniel/.m2/repository/com/github/fommil/netlib/netlib-native_ref-linux-x86_64/1.1/netlib-native_ref-linux-x86_64-1.1-natives.jar:/home/daniel/.m2/repository/com/github/fommil/netlib/netlib-native_ref-linux-i686/1.1/netlib-native_ref-linux-i686-1.1-natives.jar:/home/daniel/.m2/repository/com/github/fommil/netlib/netlib-native_ref-win-x86_64/1.1/netlib-native_ref-win-x86_64-1.1-natives.jar:/home/daniel/.m2/repository/com/github/fommil/netlib/netlib-native_ref-win-i686/1.1/netlib-native_ref-win-i686-1.1-natives.jar:/home/daniel/.m2/repository/com/github/fommil/netlib/netlib-native_ref-linux-armhf/1.1/netlib-native_ref-linux-armhf-1.1-natives.jar:/home/daniel/.m2/repository/com/github/fommil/netlib/netlib-native_system-osx-x86_64/1.1/netlib-native_system-osx-x86_64-1.1-natives.jar:/home/daniel/.m2/repository/com/github/fommil/netlib/native_system-java/1.1/native_system-java-1.1.jar:/home/daniel/.m2/repository/com/github/fommil/netlib/netlib-native_system-linux-x86_64/1.1/netlib-native_system-linux-x86_64-1.1-natives.jar:/home/daniel/.m2/repository/com/github/fommil/netlib/netlib-native_system-linux-i686/1.1/netlib-native_system-linux-i686-1.1-natives.jar:/home/daniel/.m2/repository/com/github/fommil/netlib/netlib-native_system-linux-armhf/1.1/netlib-native_system-linux-armhf-1.1-natives.jar:/home/daniel/.m2/repository/com/github/fommil/netlib/netlib-native_system-win-x86_64/1.1/netlib-native_system-win-x86_64-1.1-natives.jar:/home/daniel/.m2/repository/com/github/fommil/netlib/netlib-native_system-win-i686/1.1/netlib-native_system-win-i686-1.1-natives.jar:/home/daniel/.m2/repository/net/sourceforge/f2j/arpack_combined_all/0.1/arpack_combined_all-0.1.jar:/home/daniel/.m2/repository/com/googlecode/netlib-java/netlib-java/1.1/netlib-java-1.1.jar:/home/daniel/.m2/repository/com/github/fommil/netlib/core/1.1/core-1.1.jar:/home/daniel/.m2/repository/com/github/fracpete/jfilechooser-bookmarks/0.1.6/jfilechooser-bookmarks-0.1.6.jar:/home/daniel/.m2/repository/com/github/fracpete/jclipboardhelper/0.1.0/jclipboardhelper-0.1.0.jar:/home/daniel/.m2/repository/com/sun/istack/istack-commons-runtime/3.0.11/istack-commons-runtime-3.0.11.jar:/home/daniel/.m2/repository/jakarta/activation/jakarta.activation-api/1.2.2/jakarta.activation-api-1.2.2.jar:/home/daniel/.m2/repository/jakarta/xml/bind/jakarta.xml.bind-api/2.3.3/jakarta.xml.bind-api-2.3.3.jar:/home/daniel/.m2/repository/org/glassfish/jaxb/jaxb-runtime/2.3.3/jaxb-runtime-2.3.3.jar:/home/daniel/.m2/repository/org/glassfish/jaxb/txw2/2.3.3/txw2-2.3.3.jar:/home/daniel/.m2/repository/com/sun/activation/jakarta.activation/1.2.2/jakarta.activation-1.2.2.jar:/home/daniel/.m2/repository/com/github/mbuzdalov/non-dominated-sorting-implementations/0.2.1/non-dominated-sorting-implementations-0.2.1.jar:/home/daniel/.m2/repository/org/uma/jmetal/jmetal-problem/5.11/jmetal-problem-5.11.jar:/home/daniel/.m2/repository/org/uma/jmetal/jmetal-algorithm/5.11/jmetal-algorithm-5.11.jar:/home/daniel/.m2/repository/com/fuzzylite/jfuzzylite/5.0/jfuzzylite-5.0.jar:/home/daniel/.m2/repository/com/github/chwagnlucid/Juzzy/2.0/Juzzy-2.0.jar:/home/daniel/.m2/repository/com/github/yannrichet/JMathPlot/1.0.1/JMathPlot-1.0.1.jar:/home/daniel/.m2/repository/com/github/yannrichet/JMathIO/1.0/JMathIO-1.0.jar:/home/daniel/.m2/repository/com/github/yannrichet/JMathArray/1.0/JMathArray-1.0.jar:/home/daniel/.m2/repository/gov/nist/math/jama/1.0.3/jama-1.0.3.jar:/home/daniel/.m2/repository/org/uma/jmetal/jmetal-exec/5.9/jmetal-exec-5.9.jar:/home/daniel/.m2/repository/org/uma/jmetal/jmetal-lab/5.11/jmetal-lab-5.11.jar:/home/daniel/.m2/repository/tech/tablesaw/tablesaw-core/0.38.1/tablesaw-core-0.38.1.jar:/home/daniel/.m2/repository/com/google/guava/guava/28.2-jre/guava-28.2-jre.jar:/home/daniel/.m2/repository/com/google/guava/failureaccess/1.0.1/failureaccess-1.0.1.jar:/home/daniel/.m2/repository/com/google/guava/listenablefuture/9999.0-empty-to-avoid-conflict-with-guava/listenablefuture-9999.0-empty-to-avoid-conflict-with-guava.jar:/home/daniel/.m2/repository/com/google/code/findbugs/jsr305/3.0.2/jsr305-3.0.2.jar:/home/daniel/.m2/repository/org/checkerframework/checker-qual/2.10.0/checker-qual-2.10.0.jar:/home/daniel/.m2/repository/com/google/errorprone/error_prone_annotations/2.3.4/error_prone_annotations-2.3.4.jar:/home/daniel/.m2/repository/com/google/j2objc/j2objc-annotations/1.3/j2objc-annotations-1.3.jar:/home/daniel/.m2/repository/it/unimi/dsi/fastutil/8.3.0/fastutil-8.3.0.jar:/home/daniel/.m2/repository/org/roaringbitmap/RoaringBitmap/0.8.12/RoaringBitmap-0.8.12.jar:/home/daniel/.m2/repository/org/roaringbitmap/shims/0.8.12/shims-0.8.12.jar:/home/daniel/.m2/repository/com/univocity/univocity-parsers/2.8.4/univocity-parsers-2.8.4.jar:/home/daniel/.m2/repository/com/ibm/icu/icu4j/65.1/icu4j-65.1.jar:/home/daniel/.m2/repository/io/github/classgraph/classgraph/4.8.60/classgraph-4.8.60.jar:/home/daniel/.m2/repository/org/slf4j/slf4j-api/1.7.30/slf4j-api-1.7.30.jar:/home/daniel/.m2/repository/tech/tablesaw/tablesaw-jsplot/0.38.1/tablesaw-jsplot-0.38.1.jar:/home/daniel/.m2/repository/com/fasterxml/jackson/core/jackson-databind/2.10.3/jackson-databind-2.10.3.jar:/home/daniel/.m2/repository/com/fasterxml/jackson/core/jackson-annotations/2.10.3/jackson-annotations-2.10.3.jar:/home/daniel/.m2/repository/com/fasterxml/jackson/core/jackson-core/2.10.3/jackson-core-2.10.3.jar:/home/daniel/.m2/repository/io/pebbletemplates/pebble/3.1.2/pebble-3.1.2.jar:/home/daniel/.m2/repository/org/unbescape/unbescape/1.1.6.RELEASE/unbescape-1.1.6.RELEASE.jar:/home/daniel/.m2/repository/com/github/haifengl/smile-core/2.6.0/smile-core-2.6.0.jar:/home/daniel/.m2/repository/com/github/haifengl/smile-data/2.6.0/smile-data-2.6.0.jar:/home/daniel/.m2/repository/com/github/haifengl/smile-math/2.6.0/smile-math-2.6.0.jar:/home/daniel/.m2/repository/com/github/haifengl/smile-graph/2.6.0/smile-graph-2.6.0.jar:/home/daniel/.m2/repository/com/github/haifengl/smile-plot/2.6.0/smile-plot-2.6.0.jar:/home/daniel/.m2/repository/org/swinglabs/swingx/1.6.1/swingx-1.6.1.jar:/home/daniel/.m2/repository/com/jhlabs/filters/2.0.235/filters-2.0.235.jar:/home/daniel/.m2/repository/org/swinglabs/swing-worker/1.1/swing-worker-1.1.jar:/home/daniel/.m2/repository/org/projectlombok/lombok/1.18.22/lombok-1.18.22.jar:/home/daniel/.m2/repository/commons-cli/commons-cli/1.5.0/commons-cli-1.5.0.jar:"/>
    <property name="sun.cpu.endian" value="little"/>
    <property name="user.home" value="/home/daniel"/>
    <property name="user.language" value="es"/>
    <property name="java.specification.vendor" value="Oracle Corporation"/>
    <property name="java.version.date" value="2022-04-19"/>
    <property name="java.home" value="/usr/lib/jvm/java-17-openjdk-17.0.3.0.7-1.fc36.x86_64"/>
    <property name="file.separator" value="/"/>
    <property name="basedir" value="/home/daniel/Documentos/tfm-vrp"/>
    <property name="java.vm.compressedOopsMode" value="32-bit"/>
    <property name="line.separator" value="&#10;"/>
    <property name="java.vm.specification.vendor" value="Oracle Corporation"/>
    <property name="java.specification.name" value="Java Platform API Specification"/>
    <property name="surefire.real.class.path" value="/home/daniel/Documentos/tfm-vrp/target/surefire/surefirebooter3632751194488241952.jar"/>
    <property name="sun.management.compiler" value="HotSpot 64-Bit Tiered Compilers"/>
    <property name="java.runtime.version" value="17.0.3+7"/>
    <property name="user.name" value="daniel"/>
    <property name="path.separator" value=":"/>
    <property name="os.version" value="5.17.12-300.fc36.x86_64"/>
    <property name="java.runtime.name" value="OpenJDK Runtime Environment"/>
    <property name="file.encoding" value="UTF-8"/>
    <property name="java.vm.name" value="OpenJDK 64-Bit Server VM"/>
    <property name="java.vendor.version" value="21.9"/>
    <property name="localRepository" value="/home/daniel/.m2/repository"/>
    <property name="java.vendor.url.bug" value="https://bugzilla.redhat.com/enter_bug.cgi?product=Fedora&amp;component=java-17-openjdk&amp;version=36"/>
    <property name="java.io.tmpdir" value="/tmp"/>
    <property name="java.version" value="17.0.3"/>
    <property name="user.dir" value="/home/daniel/Documentos/tfm-vrp"/>
    <property name="os.arch" value="amd64"/>
    <property name="java.vm.specification.name" value="Java Virtual Machine Specification"/>
    <property name="native.encoding" value="UTF-8"/>
    <property name="java.library.path" value="/usr/java/packages/lib:/usr/lib64:/lib64:/lib:/usr/lib"/>
    <property name="java.vm.info" value="mixed mode, sharing"/>
    <property name="java.vendor" value="Red Hat, Inc."/>
    <property name="java.vm.version" value="17.0.3+7"/>
    <property name="sun.io.unicode.encoding" value="UnicodeLittle"/>
    <property name="java.class.version" value="61.0"/>
  </properties>
  <testcase name="testApp" classname="tfm.AppTest" time="0.027"/>
</testsuite>